<?xml version="1.0" encoding="UTF-8"?>
<testsuite name="lang.ParseTests" tests="7" skipped="0" failures="0" errors="0" timestamp="2018-10-02T08:40:12" hostname="DESKTOP-7BI2U7Q" time="0.05">
  <properties/>
  <testcase name="identifier" classname="lang.ParseTests" time="0.026"/>
  <testcase name="error2" classname="lang.ParseTests" time="0.004"/>
  <testcase name="error3" classname="lang.ParseTests" time="0.004"/>
  <testcase name="product" classname="lang.ParseTests" time="0.004"/>
  <testcase name="let" classname="lang.ParseTests" time="0.004"/>
  <testcase name="error" classname="lang.ParseTests" time="0.004"/>
  <testcase name="numerical" classname="lang.ParseTests" time="0.001"/>
  <system-out><![CDATA[]]></system-out>
  <system-err><![CDATA[]]></system-err>
</testsuite>
