<?xml version="1.0" encoding="UTF-8"?>
<testsuite name="lang.TestNameAnalysis" tests="9" skipped="0" failures="0" errors="0" timestamp="2018-10-02T08:40:12" hostname="DESKTOP-7BI2U7Q" time="0.103">
  <properties/>
  <testcase name="runTest[ok1.in]" classname="lang.TestNameAnalysis" time="0.007"/>
  <testcase name="runTest[ok2.in]" classname="lang.TestNameAnalysis" time="0.007"/>
  <testcase name="runTest[ok3.in]" classname="lang.TestNameAnalysis" time="0.007"/>
  <testcase name="runTest[redeclared1.in]" classname="lang.TestNameAnalysis" time="0.015"/>
  <testcase name="runTest[redeclared2.in]" classname="lang.TestNameAnalysis" time="0.007"/>
  <testcase name="runTest[undeclared1.in]" classname="lang.TestNameAnalysis" time="0.016"/>
  <testcase name="runTest[undeclared2.in]" classname="lang.TestNameAnalysis" time="0.015"/>
  <testcase name="runTest[undeclared3.in]" classname="lang.TestNameAnalysis" time="0.014"/>
  <testcase name="runTest[undeclared4.in]" classname="lang.TestNameAnalysis" time="0.014"/>
  <system-out><![CDATA[]]></system-out>
  <system-err><![CDATA[]]></system-err>
</testsuite>
