<?xml version="1.0" encoding="UTF-8"?>
<testsuite name="lang.TestDumpTree" tests="14" skipped="0" failures="0" errors="0" timestamp="2018-10-02T08:40:12" hostname="DESKTOP-7BI2U7Q" time="0.229">
  <properties/>
  <testcase name="runTest[ask1.in]" classname="lang.TestDumpTree" time="0.036"/>
  <testcase name="runTest[ask2.in]" classname="lang.TestDumpTree" time="0.014"/>
  <testcase name="runTest[ask3.in]" classname="lang.TestDumpTree" time="0.015"/>
  <testcase name="runTest[ask4.in]" classname="lang.TestDumpTree" time="0.017"/>
  <testcase name="runTest[example.in]" classname="lang.TestDumpTree" time="0.017"/>
  <testcase name="runTest[example2.in]" classname="lang.TestDumpTree" time="0.015"/>
  <testcase name="runTest[identifier.in]" classname="lang.TestDumpTree" time="0.013"/>
  <testcase name="runTest[let.in]" classname="lang.TestDumpTree" time="0.011"/>
  <testcase name="runTest[let1.in]" classname="lang.TestDumpTree" time="0.016"/>
  <testcase name="runTest[let2.in]" classname="lang.TestDumpTree" time="0.016"/>
  <testcase name="runTest[let3.in]" classname="lang.TestDumpTree" time="0.018"/>
  <testcase name="runTest[let4.in]" classname="lang.TestDumpTree" time="0.016"/>
  <testcase name="runTest[numerical.in]" classname="lang.TestDumpTree" time="0.012"/>
  <testcase name="runTest[product.in]" classname="lang.TestDumpTree" time="0.01"/>
  <system-out><![CDATA[]]></system-out>
  <system-err><![CDATA[]]></system-err>
</testsuite>
