<?xml version="1.0" encoding="UTF-8"?>
<testsuite name="lang.TestDumpTree" tests="12" skipped="0" failures="0" errors="0" timestamp="2018-10-17T19:30:04" hostname="KevsMonsterPC" time="0.136">
  <properties/>
  <testcase name="runTest[addmultest.in]" classname="lang.TestDumpTree" time="0.046"/>
  <testcase name="runTest[addtest.in]" classname="lang.TestDumpTree" time="0.013"/>
  <testcase name="runTest[allexprtest.in]" classname="lang.TestDumpTree" time="0.014"/>
  <testcase name="runTest[decltest.in]" classname="lang.TestDumpTree" time="0.008"/>
  <testcase name="runTest[divtest.in]" classname="lang.TestDumpTree" time="0.007"/>
  <testcase name="runTest[funcalltest.in]" classname="lang.TestDumpTree" time="0.004"/>
  <testcase name="runTest[funtest.in]" classname="lang.TestDumpTree" time="0.008"/>
  <testcase name="runTest[gcd.in]" classname="lang.TestDumpTree" time="0.015"/>
  <testcase name="runTest[multest.in]" classname="lang.TestDumpTree" time="0.006"/>
  <testcase name="runTest[paramtest.in]" classname="lang.TestDumpTree" time="0.004"/>
  <testcase name="runTest[subtest.in]" classname="lang.TestDumpTree" time="0.006"/>
  <testcase name="runTest[whiletest.in]" classname="lang.TestDumpTree" time="0.003"/>
  <system-out><![CDATA[]]></system-out>
  <system-err><![CDATA[]]></system-err>
</testsuite>
