<?xml version="1.0" encoding="UTF-8"?>
<testsuite name="lang.TestNameAnalysis" tests="5" skipped="0" failures="0" errors="0" timestamp="2018-10-17T19:30:05" hostname="KevsMonsterPC" time="0.014">
  <properties/>
  <testcase name="runTest[ok1.in]" classname="lang.TestNameAnalysis" time="0.003"/>
  <testcase name="runTest[ok2.in]" classname="lang.TestNameAnalysis" time="0.002"/>
  <testcase name="runTest[ok3.in]" classname="lang.TestNameAnalysis" time="0.001"/>
  <testcase name="runTest[redeclared.in]" classname="lang.TestNameAnalysis" time="0.004"/>
  <testcase name="runTest[undeclared.in]" classname="lang.TestNameAnalysis" time="0.003"/>
  <system-out><![CDATA[]]></system-out>
  <system-err><![CDATA[]]></system-err>
</testsuite>
