<?xml version="1.0" encoding="UTF-8"?>
<<<<<<< HEAD
<testsuite name="lang.TestPrettyPrinting" tests="4" skipped="0" failures="0" errors="0" timestamp="2018-10-19T14:14:44" hostname="KevsMonsterPC" time="0.018">
  <properties/>
  <testcase name="runTest[print1.in]" classname="lang.TestPrettyPrinting" time="0.004"/>
  <testcase name="runTest[print2.in]" classname="lang.TestPrettyPrinting" time="0.005"/>
  <testcase name="runTest[print3.in]" classname="lang.TestPrettyPrinting" time="0.005"/>
  <testcase name="runTest[print4.in]" classname="lang.TestPrettyPrinting" time="0.004"/>
=======
<testsuite name="lang.TestPrettyPrinting" tests="4" skipped="0" failures="0" errors="0" timestamp="2018-10-18T12:57:20" hostname="taco.local" time="0.013">
  <properties/>
  <testcase name="runTest[print4.in]" classname="lang.TestPrettyPrinting" time="0.007"/>
  <testcase name="runTest[print1.in]" classname="lang.TestPrettyPrinting" time="0.001"/>
  <testcase name="runTest[print2.in]" classname="lang.TestPrettyPrinting" time="0.003"/>
  <testcase name="runTest[print3.in]" classname="lang.TestPrettyPrinting" time="0.001"/>
>>>>>>> fcd2405ceb385ac2168301b2ce70f79298edb2a2
  <system-out><![CDATA[]]></system-out>
  <system-err><![CDATA[]]></system-err>
</testsuite>
