<?xml version="1.0" encoding="UTF-8"?>
<testsuite name="lang.TestPrettyPrinting" tests="4" skipped="0" failures="0" errors="0" timestamp="2018-10-04T22:13:49" hostname="KevsMonsterPC" time="0.029">
  <properties/>
  <testcase name="runTest[print1.in]" classname="lang.TestPrettyPrinting" time="0.01"/>
  <testcase name="runTest[print2.in]" classname="lang.TestPrettyPrinting" time="0.005"/>
  <testcase name="runTest[print3.in]" classname="lang.TestPrettyPrinting" time="0.005"/>
  <testcase name="runTest[print4.in]" classname="lang.TestPrettyPrinting" time="0.007"/>
  <system-out><![CDATA[]]></system-out>
  <system-err><![CDATA[]]></system-err>
</testsuite>
