<?xml version="1.0" encoding="UTF-8"?>
<testsuite name="lang.TestDumpTree" tests="14" skipped="0" failures="0" errors="0" timestamp="2018-10-11T12:48:59" hostname="taco.local" time="0.101">
  <properties/>
  <testcase name="runTest[let1.in]" classname="lang.TestDumpTree" time="0.06"/>
  <testcase name="runTest[let4.in]" classname="lang.TestDumpTree" time="0.005"/>
  <testcase name="runTest[numerical.in]" classname="lang.TestDumpTree" time="0.001"/>
  <testcase name="runTest[ask3.in]" classname="lang.TestDumpTree" time="0.004"/>
  <testcase name="runTest[ask2.in]" classname="lang.TestDumpTree" time="0.002"/>
  <testcase name="runTest[identifier.in]" classname="lang.TestDumpTree" time="0.002"/>
  <testcase name="runTest[ask1.in]" classname="lang.TestDumpTree" time="0.001"/>
  <testcase name="runTest[example2.in]" classname="lang.TestDumpTree" time="0.003"/>
  <testcase name="runTest[ask4.in]" classname="lang.TestDumpTree" time="0.002"/>
  <testcase name="runTest[let.in]" classname="lang.TestDumpTree" time="0.004"/>
  <testcase name="runTest[example.in]" classname="lang.TestDumpTree" time="0.003"/>
  <testcase name="runTest[let3.in]" classname="lang.TestDumpTree" time="0.004"/>
  <testcase name="runTest[let2.in]" classname="lang.TestDumpTree" time="0.003"/>
  <testcase name="runTest[product.in]" classname="lang.TestDumpTree" time="0.002"/>
  <system-out><![CDATA[]]></system-out>
  <system-err><![CDATA[]]></system-err>
</testsuite>
