<?xml version="1.0" encoding="UTF-8"?>
<testsuite name="lang.ParseTests" tests="3" skipped="0" failures="0" errors="0" timestamp="2018-09-10T12:43:16" hostname="taco.local" time="0.01">
  <properties/>
  <testcase name="testFOR" classname="lang.ParseTests" time="0.009"/>
  <testcase name="testASSIGNMENT" classname="lang.ParseTests" time="0.001"/>
  <testcase name="testIF" classname="lang.ParseTests" time="0.0"/>
  <system-out><![CDATA[]]></system-out>
  <system-err><![CDATA[]]></system-err>
</testsuite>
