<?xml version="1.0" encoding="UTF-8"?>
<testsuite name="lang.TestVisitor" tests="3" skipped="0" failures="0" errors="0" timestamp="2018-10-20T14:02:24" hostname="XPS15" time="0.036">
  <properties/>
  <testcase name="runTest[1.in]" classname="lang.TestVisitor" time="0.016"/>
  <testcase name="runTest[2.in]" classname="lang.TestVisitor" time="0.011"/>
  <testcase name="runTest[3.in]" classname="lang.TestVisitor" time="0.009"/>
  <system-out><![CDATA[]]></system-out>
  <system-err><![CDATA[]]></system-err>
</testsuite>
