<?xml version="1.0" encoding="UTF-8"?>
<testsuite name="lang.TestPrettyPrinting" tests="4" skipped="0" failures="0" errors="0" timestamp="2018-10-21T14:23:22" hostname="taco.local" time="0.006">
  <properties/>
  <testcase name="runTest[print4.in]" classname="lang.TestPrettyPrinting" time="0.002"/>
  <testcase name="runTest[print1.in]" classname="lang.TestPrettyPrinting" time="0.001"/>
  <testcase name="runTest[print2.in]" classname="lang.TestPrettyPrinting" time="0.001"/>
  <testcase name="runTest[print3.in]" classname="lang.TestPrettyPrinting" time="0.001"/>
  <system-out><![CDATA[]]></system-out>
  <system-err><![CDATA[]]></system-err>
</testsuite>
