<?xml version="1.0" encoding="UTF-8"?>
<testsuite name="lang.TestPrettyPrinting" tests="4" skipped="0" failures="0" errors="0" timestamp="2018-10-20T14:02:24" hostname="XPS15" time="0.041">
  <properties/>
  <testcase name="runTest[print1.in]" classname="lang.TestPrettyPrinting" time="0.009"/>
  <testcase name="runTest[print2.in]" classname="lang.TestPrettyPrinting" time="0.009"/>
  <testcase name="runTest[print3.in]" classname="lang.TestPrettyPrinting" time="0.012"/>
  <testcase name="runTest[print4.in]" classname="lang.TestPrettyPrinting" time="0.011"/>
  <system-out><![CDATA[]]></system-out>
  <system-err><![CDATA[]]></system-err>
</testsuite>
