<?xml version="1.0" encoding="UTF-8"?>
<testsuite name="lang.TestPrettyPrinting" tests="4" skipped="0" failures="0" errors="0" timestamp="2018-10-22T12:28:49" hostname="KevsMonsterPC" time="0.016">
  <properties/>
  <testcase name="runTest[print1.in]" classname="lang.TestPrettyPrinting" time="0.004"/>
  <testcase name="runTest[print2.in]" classname="lang.TestPrettyPrinting" time="0.004"/>
  <testcase name="runTest[print3.in]" classname="lang.TestPrettyPrinting" time="0.004"/>
  <testcase name="runTest[print4.in]" classname="lang.TestPrettyPrinting" time="0.004"/>
  <system-out><![CDATA[]]></system-out>
  <system-err><![CDATA[]]></system-err>
</testsuite>
