<?xml version="1.0" encoding="UTF-8"?>
<testsuite name="lang.TestTypeAnalysis" tests="6" skipped="0" failures="0" errors="0" timestamp="2018-10-22T08:02:50" hostname="KevsMonsterPC" time="0.045">
  <properties/>
  <testcase name="runTest[type.in]" classname="lang.TestTypeAnalysis" time="0.006"/>
  <testcase name="runTest[un1.in]" classname="lang.TestTypeAnalysis" time="0.007"/>
  <testcase name="runTest[un2.in]" classname="lang.TestTypeAnalysis" time="0.006"/>
  <testcase name="runTest[un3.in]" classname="lang.TestTypeAnalysis" time="0.007"/>
  <testcase name="runTest[vafun.in]" classname="lang.TestTypeAnalysis" time="0.007"/>
  <testcase name="runTest[var.in]" classname="lang.TestTypeAnalysis" time="0.012"/>
  <system-out><![CDATA[]]></system-out>
  <system-err><![CDATA[]]></system-err>
</testsuite>
