<?xml version="1.0" encoding="UTF-8"?>
<testsuite name="lang.TestTypeAnalysis" tests="6" skipped="0" failures="0" errors="0" timestamp="2018-10-20T14:02:24" hostname="XPS15" time="0.061">
  <properties/>
  <testcase name="runTest[type.in]" classname="lang.TestTypeAnalysis" time="0.015"/>
  <testcase name="runTest[un1.in]" classname="lang.TestTypeAnalysis" time="0.012"/>
  <testcase name="runTest[un2.in]" classname="lang.TestTypeAnalysis" time="0.008"/>
  <testcase name="runTest[un3.in]" classname="lang.TestTypeAnalysis" time="0.009"/>
  <testcase name="runTest[vafun.in]" classname="lang.TestTypeAnalysis" time="0.008"/>
  <testcase name="runTest[var.in]" classname="lang.TestTypeAnalysis" time="0.008"/>
  <system-out><![CDATA[]]></system-out>
  <system-err><![CDATA[]]></system-err>
</testsuite>
