<?xml version="1.0" encoding="UTF-8"?>
<testsuite name="lang.TestDumpTree" tests="13" skipped="0" failures="3" errors="0" timestamp="2018-09-30T15:03:57" hostname="DESKTOP-7BI2U7Q" time="0.213">
  <properties/>
  <testcase name="runTest[addmultest.in]" classname="lang.TestDumpTree" time="0.048"/>
  <testcase name="runTest[addtest.in]" classname="lang.TestDumpTree" time="0.017"/>
  <testcase name="runTest[allexprtest.in]" classname="lang.TestDumpTree" time="0.02"/>
  <testcase name="runTest[decltest.in]" classname="lang.TestDumpTree" time="0.011"/>
  <testcase name="runTest[divtest.in]" classname="lang.TestDumpTree" time="0.012"/>
  <testcase name="runTest[funcalltest.in]" classname="lang.TestDumpTree" time="0.009">
    <failure message="org.junit.ComparisonFailure: Output differs expected:&lt;[]&gt; but was:&lt;[Program&#10;  List&#10;    Fun&#10;      TypeDecl Type=&quot;int&quot;&#10;      IdDecl Decl=&quot;hello&quot;&#10;      Param&#10;        List&#10;      Block&#10;        List]&gt;" type="org.junit.ComparisonFailure">org.junit.ComparisonFailure: Output differs expected:&lt;[]&gt; but was:&lt;[Program
  List
    Fun
      TypeDecl Type=&quot;int&quot;
      IdDecl Decl=&quot;hello&quot;
      Param
        List
      Block
        List]&gt;
	at org.junit.Assert.assertEquals(Assert.java:115)
	at lang.Util.compareOutput(Util.java:46)
	at lang.TestDumpTree.runTest(TestDumpTree.java:31)
	at sun.reflect.NativeMethodAccessorImpl.invoke0(Native Method)
	at sun.reflect.NativeMethodAccessorImpl.invoke(NativeMethodAccessorImpl.java:62)
	at sun.reflect.DelegatingMethodAccessorImpl.invoke(DelegatingMethodAccessorImpl.java:43)
	at java.lang.reflect.Method.invoke(Method.java:498)
	at org.junit.runners.model.FrameworkMethod$1.runReflectiveCall(FrameworkMethod.java:50)
	at org.junit.internal.runners.model.ReflectiveCallable.run(ReflectiveCallable.java:12)
	at org.junit.runners.model.FrameworkMethod.invokeExplosively(FrameworkMethod.java:47)
	at org.junit.internal.runners.statements.InvokeMethod.evaluate(InvokeMethod.java:17)
	at org.junit.runners.ParentRunner.runLeaf(ParentRunner.java:325)
	at org.junit.runners.BlockJUnit4ClassRunner.runChild(BlockJUnit4ClassRunner.java:78)
	at org.junit.runners.BlockJUnit4ClassRunner.runChild(BlockJUnit4ClassRunner.java:57)
	at org.junit.runners.ParentRunner$3.run(ParentRunner.java:290)
	at org.junit.runners.ParentRunner$1.schedule(ParentRunner.java:71)
	at org.junit.runners.ParentRunner.runChildren(ParentRunner.java:288)
	at org.junit.runners.ParentRunner.access$000(ParentRunner.java:58)
	at org.junit.runners.ParentRunner$2.evaluate(ParentRunner.java:268)
	at org.junit.runners.ParentRunner.run(ParentRunner.java:363)
	at org.junit.runners.Suite.runChild(Suite.java:128)
	at org.junit.runners.Suite.runChild(Suite.java:27)
	at org.junit.runners.ParentRunner$3.run(ParentRunner.java:290)
	at org.junit.runners.ParentRunner$1.schedule(ParentRunner.java:71)
	at org.junit.runners.ParentRunner.runChildren(ParentRunner.java:288)
	at org.junit.runners.ParentRunner.access$000(ParentRunner.java:58)
	at org.junit.runners.ParentRunner$2.evaluate(ParentRunner.java:268)
	at org.junit.runners.ParentRunner.run(ParentRunner.java:363)
	at org.gradle.api.internal.tasks.testing.junit.JUnitTestClassExecuter.runTestClass(JUnitTestClassExecuter.java:114)
	at org.gradle.api.internal.tasks.testing.junit.JUnitTestClassExecuter.execute(JUnitTestClassExecuter.java:57)
	at org.gradle.api.internal.tasks.testing.junit.JUnitTestClassProcessor.processTestClass(JUnitTestClassProcessor.java:66)
	at org.gradle.api.internal.tasks.testing.SuiteTestClassProcessor.processTestClass(SuiteTestClassProcessor.java:51)
	at sun.reflect.NativeMethodAccessorImpl.invoke0(Native Method)
	at sun.reflect.NativeMethodAccessorImpl.invoke(NativeMethodAccessorImpl.java:62)
	at sun.reflect.DelegatingMethodAccessorImpl.invoke(DelegatingMethodAccessorImpl.java:43)
	at java.lang.reflect.Method.invoke(Method.java:498)
	at org.gradle.internal.dispatch.ReflectionDispatch.dispatch(ReflectionDispatch.java:35)
	at org.gradle.internal.dispatch.ReflectionDispatch.dispatch(ReflectionDispatch.java:24)
	at org.gradle.internal.dispatch.ContextClassLoaderDispatch.dispatch(ContextClassLoaderDispatch.java:32)
	at org.gradle.internal.dispatch.ProxyDispatchAdapter$DispatchingInvocationHandler.invoke(ProxyDispatchAdapter.java:93)
	at com.sun.proxy.$Proxy1.processTestClass(Unknown Source)
	at org.gradle.api.internal.tasks.testing.worker.TestWorker.processTestClass(TestWorker.java:108)
	at sun.reflect.NativeMethodAccessorImpl.invoke0(Native Method)
	at sun.reflect.NativeMethodAccessorImpl.invoke(NativeMethodAccessorImpl.java:62)
	at sun.reflect.DelegatingMethodAccessorImpl.invoke(DelegatingMethodAccessorImpl.java:43)
	at java.lang.reflect.Method.invoke(Method.java:498)
	at org.gradle.internal.dispatch.ReflectionDispatch.dispatch(ReflectionDispatch.java:35)
	at org.gradle.internal.dispatch.ReflectionDispatch.dispatch(ReflectionDispatch.java:24)
	at org.gradle.internal.remote.internal.hub.MessageHubBackedObjectConnection$DispatchWrapper.dispatch(MessageHubBackedObjectConnection.java:146)
	at org.gradle.internal.remote.internal.hub.MessageHubBackedObjectConnection$DispatchWrapper.dispatch(MessageHubBackedObjectConnection.java:128)
	at org.gradle.internal.remote.internal.hub.MessageHub$Handler.run(MessageHub.java:404)
	at org.gradle.internal.concurrent.ExecutorPolicy$CatchAndRecordFailures.onExecute(ExecutorPolicy.java:63)
	at org.gradle.internal.concurrent.ManagedExecutorImpl$1.run(ManagedExecutorImpl.java:46)
	at java.util.concurrent.ThreadPoolExecutor.runWorker(ThreadPoolExecutor.java:1149)
	at java.util.concurrent.ThreadPoolExecutor$Worker.run(ThreadPoolExecutor.java:624)
	at org.gradle.internal.concurrent.ThreadFactoryImpl$ManagedThreadRunnable.run(ThreadFactoryImpl.java:55)
	at java.lang.Thread.run(Thread.java:748)
</failure>
  </testcase>
  <testcase name="runTest[funtest.in]" classname="lang.TestDumpTree" time="0.008"/>
  <testcase name="runTest[gcd.in]" classname="lang.TestDumpTree" time="0.021">
    <failure message="org.junit.ComparisonFailure: Output differs expected:&lt;[]&gt; but was:&lt;[Program&#10;  List&#10;    Fun&#10;      TypeDecl Type=&quot;int&quot;&#10;      IdDecl Decl=&quot;gcd1&quot;&#10;      Param&#10;        List&#10;          ParamDecl&#10;            TypeDecl Type=&quot;int&quot;&#10;            IdDecl Decl=&quot;a&quot;&#10;          ParamDecl&#10;            TypeDecl Type=&quot;int&quot;&#10;            IdDecl Decl=&quot;b&quot;&#10;      Block&#10;        List&#10;          WhileStmt&#10;            NotEqual&#10;              ID ID=&quot;a&quot;&#10;              ID ID=&quot;b&quot;&#10;            Block&#10;              List&#10;                IfStmt&#10;                  Greater&#10;                    ID ID=&quot;a&quot;&#10;                    ID ID=&quot;b&quot;&#10;                  Block&#10;                    List&#10;                      AssignStmt&#10;                        ID ID=&quot;a&quot;&#10;                        Sub&#10;                          ID ID=&quot;a&quot;&#10;                          ID ID=&quot;b&quot;&#10;                  Opt&#10;                    Block&#10;                      List&#10;                        AssignStmt&#10;                          ID ID=&quot;b&quot;&#10;                          Sub&#10;                            ID ID=&quot;b&quot;&#10;                            ID ID=&quot;a&quot;&#10;          ReturnStmt&#10;            ID ID=&quot;a&quot;&#10;    Fun&#10;      TypeDecl Type=&quot;int&quot;&#10;      IdDecl Decl=&quot;gcd2&quot;&#10;      Param&#10;        List&#10;          ParamDecl&#10;            TypeDecl Type=&quot;int&quot;&#10;            IdDecl Decl=&quot;a&quot;&#10;          ParamDecl&#10;            TypeDecl Type=&quot;int&quot;&#10;            IdDecl Decl=&quot;b&quot;&#10;      Block&#10;        List&#10;          IfStmt&#10;            Equal&#10;              ID ID=&quot;b&quot;&#10;              Literal NUMERAL=&quot;0&quot;&#10;            Block&#10;              List&#10;                ReturnStmt&#10;                  ID ID=&quot;a&quot;&#10;            Opt&#10;          ReturnStmt&#10;            FunCall ID=&quot;gcd2&quot;&#10;              List&#10;                ID ID=&quot;b&quot;&#10;                Mod&#10;                  ID ID=&quot;a&quot;&#10;                  ID ID=&quot;b&quot;&#10;    Fun&#10;      TypeDecl Type=&quot;int&quot;&#10;      IdDecl Decl=&quot;main&quot;&#10;      Param&#10;        List&#10;      Block&#10;        List&#10;          DeclStmt&#10;            TypeDecl Type=&quot;int&quot;&#10;            IdDecl Decl=&quot;a&quot;&#10;            Opt&#10;          DeclStmt&#10;            TypeDecl Type=&quot;int&quot;&#10;            IdDecl Decl=&quot;b&quot;&#10;            Opt&#10;          AssignStmt&#10;            ID ID=&quot;a&quot;&#10;            FunCall ID=&quot;read&quot;&#10;              List&#10;          AssignStmt&#10;            ID ID=&quot;b&quot;&#10;            FunCall ID=&quot;read&quot;&#10;              List&#10;          ExprStmt&#10;            FunCall ID=&quot;print&quot;&#10;              List&#10;                FunCall ID=&quot;gcd1&quot;&#10;                  List&#10;                    ID ID=&quot;a&quot;&#10;                    ID ID=&quot;b&quot;&#10;          ExprStmt&#10;            FunCall ID=&quot;print&quot;&#10;              List&#10;                FunCall ID=&quot;gcd2&quot;&#10;                  List&#10;                    ID ID=&quot;a&quot;&#10;                    ID ID=&quot;b&quot;&#10;          DeclStmt&#10;            TypeDecl Type=&quot;int&quot;&#10;            IdDecl Decl=&quot;diff&quot;&#10;            Opt&#10;              Sub&#10;                FunCall ID=&quot;gcd1&quot;&#10;                  List&#10;                    ID ID=&quot;a&quot;&#10;                    ID ID=&quot;b&quot;&#10;                FunCall ID=&quot;gcd2&quot;&#10;                  List&#10;                    ID ID=&quot;a&quot;&#10;                    ID ID=&quot;b&quot;&#10;          ExprStmt&#10;            FunCall ID=&quot;print&quot;&#10;              List&#10;                ID ID=&quot;diff&quot;&#10;          ReturnStmt&#10;            Literal NUMERAL=&quot;0&quot;]&gt;" type="org.junit.ComparisonFailure">org.junit.ComparisonFailure: Output differs expected:&lt;[]&gt; but was:&lt;[Program
  List
    Fun
      TypeDecl Type=&quot;int&quot;
      IdDecl Decl=&quot;gcd1&quot;
      Param
        List
          ParamDecl
            TypeDecl Type=&quot;int&quot;
            IdDecl Decl=&quot;a&quot;
          ParamDecl
            TypeDecl Type=&quot;int&quot;
            IdDecl Decl=&quot;b&quot;
      Block
        List
          WhileStmt
            NotEqual
              ID ID=&quot;a&quot;
              ID ID=&quot;b&quot;
            Block
              List
                IfStmt
                  Greater
                    ID ID=&quot;a&quot;
                    ID ID=&quot;b&quot;
                  Block
                    List
                      AssignStmt
                        ID ID=&quot;a&quot;
                        Sub
                          ID ID=&quot;a&quot;
                          ID ID=&quot;b&quot;
                  Opt
                    Block
                      List
                        AssignStmt
                          ID ID=&quot;b&quot;
                          Sub
                            ID ID=&quot;b&quot;
                            ID ID=&quot;a&quot;
          ReturnStmt
            ID ID=&quot;a&quot;
    Fun
      TypeDecl Type=&quot;int&quot;
      IdDecl Decl=&quot;gcd2&quot;
      Param
        List
          ParamDecl
            TypeDecl Type=&quot;int&quot;
            IdDecl Decl=&quot;a&quot;
          ParamDecl
            TypeDecl Type=&quot;int&quot;
            IdDecl Decl=&quot;b&quot;
      Block
        List
          IfStmt
            Equal
              ID ID=&quot;b&quot;
              Literal NUMERAL=&quot;0&quot;
            Block
              List
                ReturnStmt
                  ID ID=&quot;a&quot;
            Opt
          ReturnStmt
            FunCall ID=&quot;gcd2&quot;
              List
                ID ID=&quot;b&quot;
                Mod
                  ID ID=&quot;a&quot;
                  ID ID=&quot;b&quot;
    Fun
      TypeDecl Type=&quot;int&quot;
      IdDecl Decl=&quot;main&quot;
      Param
        List
      Block
        List
          DeclStmt
            TypeDecl Type=&quot;int&quot;
            IdDecl Decl=&quot;a&quot;
            Opt
          DeclStmt
            TypeDecl Type=&quot;int&quot;
            IdDecl Decl=&quot;b&quot;
            Opt
          AssignStmt
            ID ID=&quot;a&quot;
            FunCall ID=&quot;read&quot;
              List
          AssignStmt
            ID ID=&quot;b&quot;
            FunCall ID=&quot;read&quot;
              List
          ExprStmt
            FunCall ID=&quot;print&quot;
              List
                FunCall ID=&quot;gcd1&quot;
                  List
                    ID ID=&quot;a&quot;
                    ID ID=&quot;b&quot;
          ExprStmt
            FunCall ID=&quot;print&quot;
              List
                FunCall ID=&quot;gcd2&quot;
                  List
                    ID ID=&quot;a&quot;
                    ID ID=&quot;b&quot;
          DeclStmt
            TypeDecl Type=&quot;int&quot;
            IdDecl Decl=&quot;diff&quot;
            Opt
              Sub
                FunCall ID=&quot;gcd1&quot;
                  List
                    ID ID=&quot;a&quot;
                    ID ID=&quot;b&quot;
                FunCall ID=&quot;gcd2&quot;
                  List
                    ID ID=&quot;a&quot;
                    ID ID=&quot;b&quot;
          ExprStmt
            FunCall ID=&quot;print&quot;
              List
                ID ID=&quot;diff&quot;
          ReturnStmt
            Literal NUMERAL=&quot;0&quot;]&gt;
	at org.junit.Assert.assertEquals(Assert.java:115)
	at lang.Util.compareOutput(Util.java:46)
	at lang.TestDumpTree.runTest(TestDumpTree.java:31)
	at sun.reflect.NativeMethodAccessorImpl.invoke0(Native Method)
	at sun.reflect.NativeMethodAccessorImpl.invoke(NativeMethodAccessorImpl.java:62)
	at sun.reflect.DelegatingMethodAccessorImpl.invoke(DelegatingMethodAccessorImpl.java:43)
	at java.lang.reflect.Method.invoke(Method.java:498)
	at org.junit.runners.model.FrameworkMethod$1.runReflectiveCall(FrameworkMethod.java:50)
	at org.junit.internal.runners.model.ReflectiveCallable.run(ReflectiveCallable.java:12)
	at org.junit.runners.model.FrameworkMethod.invokeExplosively(FrameworkMethod.java:47)
	at org.junit.internal.runners.statements.InvokeMethod.evaluate(InvokeMethod.java:17)
	at org.junit.runners.ParentRunner.runLeaf(ParentRunner.java:325)
	at org.junit.runners.BlockJUnit4ClassRunner.runChild(BlockJUnit4ClassRunner.java:78)
	at org.junit.runners.BlockJUnit4ClassRunner.runChild(BlockJUnit4ClassRunner.java:57)
	at org.junit.runners.ParentRunner$3.run(ParentRunner.java:290)
	at org.junit.runners.ParentRunner$1.schedule(ParentRunner.java:71)
	at org.junit.runners.ParentRunner.runChildren(ParentRunner.java:288)
	at org.junit.runners.ParentRunner.access$000(ParentRunner.java:58)
	at org.junit.runners.ParentRunner$2.evaluate(ParentRunner.java:268)
	at org.junit.runners.ParentRunner.run(ParentRunner.java:363)
	at org.junit.runners.Suite.runChild(Suite.java:128)
	at org.junit.runners.Suite.runChild(Suite.java:27)
	at org.junit.runners.ParentRunner$3.run(ParentRunner.java:290)
	at org.junit.runners.ParentRunner$1.schedule(ParentRunner.java:71)
	at org.junit.runners.ParentRunner.runChildren(ParentRunner.java:288)
	at org.junit.runners.ParentRunner.access$000(ParentRunner.java:58)
	at org.junit.runners.ParentRunner$2.evaluate(ParentRunner.java:268)
	at org.junit.runners.ParentRunner.run(ParentRunner.java:363)
	at org.gradle.api.internal.tasks.testing.junit.JUnitTestClassExecuter.runTestClass(JUnitTestClassExecuter.java:114)
	at org.gradle.api.internal.tasks.testing.junit.JUnitTestClassExecuter.execute(JUnitTestClassExecuter.java:57)
	at org.gradle.api.internal.tasks.testing.junit.JUnitTestClassProcessor.processTestClass(JUnitTestClassProcessor.java:66)
	at org.gradle.api.internal.tasks.testing.SuiteTestClassProcessor.processTestClass(SuiteTestClassProcessor.java:51)
	at sun.reflect.NativeMethodAccessorImpl.invoke0(Native Method)
	at sun.reflect.NativeMethodAccessorImpl.invoke(NativeMethodAccessorImpl.java:62)
	at sun.reflect.DelegatingMethodAccessorImpl.invoke(DelegatingMethodAccessorImpl.java:43)
	at java.lang.reflect.Method.invoke(Method.java:498)
	at org.gradle.internal.dispatch.ReflectionDispatch.dispatch(ReflectionDispatch.java:35)
	at org.gradle.internal.dispatch.ReflectionDispatch.dispatch(ReflectionDispatch.java:24)
	at org.gradle.internal.dispatch.ContextClassLoaderDispatch.dispatch(ContextClassLoaderDispatch.java:32)
	at org.gradle.internal.dispatch.ProxyDispatchAdapter$DispatchingInvocationHandler.invoke(ProxyDispatchAdapter.java:93)
	at com.sun.proxy.$Proxy1.processTestClass(Unknown Source)
	at org.gradle.api.internal.tasks.testing.worker.TestWorker.processTestClass(TestWorker.java:108)
	at sun.reflect.NativeMethodAccessorImpl.invoke0(Native Method)
	at sun.reflect.NativeMethodAccessorImpl.invoke(NativeMethodAccessorImpl.java:62)
	at sun.reflect.DelegatingMethodAccessorImpl.invoke(DelegatingMethodAccessorImpl.java:43)
	at java.lang.reflect.Method.invoke(Method.java:498)
	at org.gradle.internal.dispatch.ReflectionDispatch.dispatch(ReflectionDispatch.java:35)
	at org.gradle.internal.dispatch.ReflectionDispatch.dispatch(ReflectionDispatch.java:24)
	at org.gradle.internal.remote.internal.hub.MessageHubBackedObjectConnection$DispatchWrapper.dispatch(MessageHubBackedObjectConnection.java:146)
	at org.gradle.internal.remote.internal.hub.MessageHubBackedObjectConnection$DispatchWrapper.dispatch(MessageHubBackedObjectConnection.java:128)
	at org.gradle.internal.remote.internal.hub.MessageHub$Handler.run(MessageHub.java:404)
	at org.gradle.internal.concurrent.ExecutorPolicy$CatchAndRecordFailures.onExecute(ExecutorPolicy.java:63)
	at org.gradle.internal.concurrent.ManagedExecutorImpl$1.run(ManagedExecutorImpl.java:46)
	at java.util.concurrent.ThreadPoolExecutor.runWorker(ThreadPoolExecutor.java:1149)
	at java.util.concurrent.ThreadPoolExecutor$Worker.run(ThreadPoolExecutor.java:624)
	at org.gradle.internal.concurrent.ThreadFactoryImpl$ManagedThreadRunnable.run(ThreadFactoryImpl.java:55)
	at java.lang.Thread.run(Thread.java:748)
</failure>
  </testcase>
  <testcase name="runTest[multest.in]" classname="lang.TestDumpTree" time="0.013"/>
  <testcase name="runTest[paramtest.in]" classname="lang.TestDumpTree" time="0.018"/>
  <testcase name="runTest[randomtest.in]" classname="lang.TestDumpTree" time="0.012">
    <failure message="org.junit.ComparisonFailure: Output differs expected:&lt;...           ID ID=&quot;a&quot;[]&gt; but was:&lt;...           ID ID=&quot;a&quot;[&#10;    Fun&#10;      TypeDecl Type=&quot;int&quot;&#10;      IdDecl Decl=&quot;gcd2&quot;&#10;      Param&#10;        List&#10;          ParamDecl&#10;            TypeDecl Type=&quot;int&quot;&#10;            IdDecl Decl=&quot;a&quot;&#10;          ParamDecl&#10;            TypeDecl Type=&quot;int&quot;&#10;            IdDecl Decl=&quot;b&quot;&#10;      Block&#10;        List&#10;          IfStmt&#10;            Equal&#10;              ID ID=&quot;b&quot;&#10;              Literal NUMERAL=&quot;0&quot;&#10;            Block&#10;              List&#10;                ReturnStmt&#10;                  ID ID=&quot;a&quot;&#10;            Opt&#10;          ReturnStmt&#10;            FunCall ID=&quot;gcd2&quot;&#10;              List&#10;                ID ID=&quot;b&quot;&#10;                Mod&#10;                  ID ID=&quot;a&quot;&#10;                  ID ID=&quot;b&quot;]&gt;" type="org.junit.ComparisonFailure">org.junit.ComparisonFailure: Output differs expected:&lt;...           ID ID=&quot;a&quot;[]&gt; but was:&lt;...           ID ID=&quot;a&quot;[
    Fun
      TypeDecl Type=&quot;int&quot;
      IdDecl Decl=&quot;gcd2&quot;
      Param
        List
          ParamDecl
            TypeDecl Type=&quot;int&quot;
            IdDecl Decl=&quot;a&quot;
          ParamDecl
            TypeDecl Type=&quot;int&quot;
            IdDecl Decl=&quot;b&quot;
      Block
        List
          IfStmt
            Equal
              ID ID=&quot;b&quot;
              Literal NUMERAL=&quot;0&quot;
            Block
              List
                ReturnStmt
                  ID ID=&quot;a&quot;
            Opt
          ReturnStmt
            FunCall ID=&quot;gcd2&quot;
              List
                ID ID=&quot;b&quot;
                Mod
                  ID ID=&quot;a&quot;
                  ID ID=&quot;b&quot;]&gt;
	at org.junit.Assert.assertEquals(Assert.java:115)
	at lang.Util.compareOutput(Util.java:46)
	at lang.TestDumpTree.runTest(TestDumpTree.java:31)
	at sun.reflect.NativeMethodAccessorImpl.invoke0(Native Method)
	at sun.reflect.NativeMethodAccessorImpl.invoke(NativeMethodAccessorImpl.java:62)
	at sun.reflect.DelegatingMethodAccessorImpl.invoke(DelegatingMethodAccessorImpl.java:43)
	at java.lang.reflect.Method.invoke(Method.java:498)
	at org.junit.runners.model.FrameworkMethod$1.runReflectiveCall(FrameworkMethod.java:50)
	at org.junit.internal.runners.model.ReflectiveCallable.run(ReflectiveCallable.java:12)
	at org.junit.runners.model.FrameworkMethod.invokeExplosively(FrameworkMethod.java:47)
	at org.junit.internal.runners.statements.InvokeMethod.evaluate(InvokeMethod.java:17)
	at org.junit.runners.ParentRunner.runLeaf(ParentRunner.java:325)
	at org.junit.runners.BlockJUnit4ClassRunner.runChild(BlockJUnit4ClassRunner.java:78)
	at org.junit.runners.BlockJUnit4ClassRunner.runChild(BlockJUnit4ClassRunner.java:57)
	at org.junit.runners.ParentRunner$3.run(ParentRunner.java:290)
	at org.junit.runners.ParentRunner$1.schedule(ParentRunner.java:71)
	at org.junit.runners.ParentRunner.runChildren(ParentRunner.java:288)
	at org.junit.runners.ParentRunner.access$000(ParentRunner.java:58)
	at org.junit.runners.ParentRunner$2.evaluate(ParentRunner.java:268)
	at org.junit.runners.ParentRunner.run(ParentRunner.java:363)
	at org.junit.runners.Suite.runChild(Suite.java:128)
	at org.junit.runners.Suite.runChild(Suite.java:27)
	at org.junit.runners.ParentRunner$3.run(ParentRunner.java:290)
	at org.junit.runners.ParentRunner$1.schedule(ParentRunner.java:71)
	at org.junit.runners.ParentRunner.runChildren(ParentRunner.java:288)
	at org.junit.runners.ParentRunner.access$000(ParentRunner.java:58)
	at org.junit.runners.ParentRunner$2.evaluate(ParentRunner.java:268)
	at org.junit.runners.ParentRunner.run(ParentRunner.java:363)
	at org.gradle.api.internal.tasks.testing.junit.JUnitTestClassExecuter.runTestClass(JUnitTestClassExecuter.java:114)
	at org.gradle.api.internal.tasks.testing.junit.JUnitTestClassExecuter.execute(JUnitTestClassExecuter.java:57)
	at org.gradle.api.internal.tasks.testing.junit.JUnitTestClassProcessor.processTestClass(JUnitTestClassProcessor.java:66)
	at org.gradle.api.internal.tasks.testing.SuiteTestClassProcessor.processTestClass(SuiteTestClassProcessor.java:51)
	at sun.reflect.NativeMethodAccessorImpl.invoke0(Native Method)
	at sun.reflect.NativeMethodAccessorImpl.invoke(NativeMethodAccessorImpl.java:62)
	at sun.reflect.DelegatingMethodAccessorImpl.invoke(DelegatingMethodAccessorImpl.java:43)
	at java.lang.reflect.Method.invoke(Method.java:498)
	at org.gradle.internal.dispatch.ReflectionDispatch.dispatch(ReflectionDispatch.java:35)
	at org.gradle.internal.dispatch.ReflectionDispatch.dispatch(ReflectionDispatch.java:24)
	at org.gradle.internal.dispatch.ContextClassLoaderDispatch.dispatch(ContextClassLoaderDispatch.java:32)
	at org.gradle.internal.dispatch.ProxyDispatchAdapter$DispatchingInvocationHandler.invoke(ProxyDispatchAdapter.java:93)
	at com.sun.proxy.$Proxy1.processTestClass(Unknown Source)
	at org.gradle.api.internal.tasks.testing.worker.TestWorker.processTestClass(TestWorker.java:108)
	at sun.reflect.NativeMethodAccessorImpl.invoke0(Native Method)
	at sun.reflect.NativeMethodAccessorImpl.invoke(NativeMethodAccessorImpl.java:62)
	at sun.reflect.DelegatingMethodAccessorImpl.invoke(DelegatingMethodAccessorImpl.java:43)
	at java.lang.reflect.Method.invoke(Method.java:498)
	at org.gradle.internal.dispatch.ReflectionDispatch.dispatch(ReflectionDispatch.java:35)
	at org.gradle.internal.dispatch.ReflectionDispatch.dispatch(ReflectionDispatch.java:24)
	at org.gradle.internal.remote.internal.hub.MessageHubBackedObjectConnection$DispatchWrapper.dispatch(MessageHubBackedObjectConnection.java:146)
	at org.gradle.internal.remote.internal.hub.MessageHubBackedObjectConnection$DispatchWrapper.dispatch(MessageHubBackedObjectConnection.java:128)
	at org.gradle.internal.remote.internal.hub.MessageHub$Handler.run(MessageHub.java:404)
	at org.gradle.internal.concurrent.ExecutorPolicy$CatchAndRecordFailures.onExecute(ExecutorPolicy.java:63)
	at org.gradle.internal.concurrent.ManagedExecutorImpl$1.run(ManagedExecutorImpl.java:46)
	at java.util.concurrent.ThreadPoolExecutor.runWorker(ThreadPoolExecutor.java:1149)
	at java.util.concurrent.ThreadPoolExecutor$Worker.run(ThreadPoolExecutor.java:624)
	at org.gradle.internal.concurrent.ThreadFactoryImpl$ManagedThreadRunnable.run(ThreadFactoryImpl.java:55)
	at java.lang.Thread.run(Thread.java:748)
</failure>
  </testcase>
  <testcase name="runTest[subtest.in]" classname="lang.TestDumpTree" time="0.011"/>
  <testcase name="runTest[whiletest.in]" classname="lang.TestDumpTree" time="0.01"/>
  <system-out><![CDATA[]]></system-out>
  <system-err><![CDATA[]]></system-err>
</testsuite>
