<?xml version="1.0" encoding="UTF-8"?>
<testsuite name="lang.ASTTests" tests="2" skipped="0" failures="0" errors="0" timestamp="2018-09-21T14:45:58" hostname="taco.local" time="0.001">
  <properties/>
  <testcase name="test1" classname="lang.ASTTests" time="0.001"/>
  <testcase name="test2" classname="lang.ASTTests" time="0.0"/>
  <system-out><![CDATA[]]></system-out>
  <system-err><![CDATA[]]></system-err>
</testsuite>
