<?xml version="1.0" encoding="UTF-8"?>
<testsuite name="lang.ASTTests" tests="13" skipped="0" failures="0" errors="0" timestamp="2018-09-30T15:03:56" hostname="DESKTOP-7BI2U7Q" time="0.094">
  <properties/>
  <testcase name="whiletest" classname="lang.ASTTests" time="0.038"/>
  <testcase name="subtest" classname="lang.ASTTests" time="0.006"/>
  <testcase name="allexprtest" classname="lang.ASTTests" time="0.005"/>
  <testcase name="funcalltest" classname="lang.ASTTests" time="0.005"/>
  <testcase name="addtest" classname="lang.ASTTests" time="0.004"/>
  <testcase name="funtest" classname="lang.ASTTests" time="0.004"/>
  <testcase name="gcdtest" classname="lang.ASTTests" time="0.007"/>
  <testcase name="randomtest" classname="lang.ASTTests" time="0.005"/>
  <testcase name="decltest" classname="lang.ASTTests" time="0.004"/>
  <testcase name="multest" classname="lang.ASTTests" time="0.004"/>
  <testcase name="addmultest" classname="lang.ASTTests" time="0.004"/>
  <testcase name="divtest" classname="lang.ASTTests" time="0.003"/>
  <testcase name="paramtest" classname="lang.ASTTests" time="0.001"/>
  <system-out><![CDATA[]]></system-out>
  <system-err><![CDATA[]]></system-err>
</testsuite>
