<?xml version="1.0" encoding="UTF-8"?>
<testsuite name="lang.ASTTests" tests="1" skipped="0" failures="0" errors="0" timestamp="2018-09-21T08:53:17" hostname="taco.local" time="0.0">
  <properties/>
  <testcase name="test1" classname="lang.ASTTests" time="0.0"/>
  <system-out><![CDATA[]]></system-out>
  <system-err><![CDATA[]]></system-err>
</testsuite>
