<?xml version="1.0" encoding="UTF-8"?>
<testsuite name="lang.ASTTests" tests="12" skipped="0" failures="0" errors="0" timestamp="2018-10-04T17:52:36" hostname="KevsMonsterPC" time="0.107">
  <properties/>
  <testcase name="whiletest" classname="lang.ASTTests" time="0.046"/>
  <testcase name="subtest" classname="lang.ASTTests" time="0.007"/>
  <testcase name="allexprtest" classname="lang.ASTTests" time="0.005"/>
  <testcase name="funcalltest" classname="lang.ASTTests" time="0.005"/>
  <testcase name="addtest" classname="lang.ASTTests" time="0.004"/>
  <testcase name="funtest" classname="lang.ASTTests" time="0.005"/>
  <testcase name="gcdtest" classname="lang.ASTTests" time="0.007"/>
  <testcase name="decltest" classname="lang.ASTTests" time="0.006"/>
  <testcase name="multest" classname="lang.ASTTests" time="0.004"/>
  <testcase name="addmultest" classname="lang.ASTTests" time="0.005"/>
  <testcase name="divtest" classname="lang.ASTTests" time="0.004"/>
  <testcase name="paramtest" classname="lang.ASTTests" time="0.006"/>
  <system-out><![CDATA[]]></system-out>
  <system-err><![CDATA[]]></system-err>
</testsuite>
