<?xml version="1.0" encoding="UTF-8"?>
<testsuite name="lang.TestCodeGeneration" tests="8" skipped="0" failures="0" errors="0" timestamp="2018-10-23T08:40:56" hostname="hacke-10" time="0.296">
  <properties/>
  <testcase name="runTest[div1.in]" classname="lang.TestCodeGeneration" time="0.14"/>
  <testcase name="runTest[mul2.in]" classname="lang.TestCodeGeneration" time="0.024"/>
  <testcase name="runTest[neg1.in]" classname="lang.TestCodeGeneration" time="0.023"/>
  <testcase name="runTest[div2.in]" classname="lang.TestCodeGeneration" time="0.023"/>
  <testcase name="runTest[div3.in]" classname="lang.TestCodeGeneration" time="0.021"/>
  <testcase name="runTest[nesting2.in]" classname="lang.TestCodeGeneration" time="0.021"/>
  <testcase name="runTest[mul1.in]" classname="lang.TestCodeGeneration" time="0.021"/>
  <testcase name="runTest[nesting1.in]" classname="lang.TestCodeGeneration" time="0.021"/>
  <system-out><![CDATA[]]></system-out>
  <system-err><![CDATA[]]></system-err>
</testsuite>
