<?xml version="1.0" encoding="UTF-8"?>
<testsuite name="lang.TestPrettyPrinting" tests="4" skipped="0" failures="0" errors="0" timestamp="2018-10-24T11:04:37" hostname="varg-2" time="0.018">
  <properties/>
  <testcase name="runTest[print4.in]" classname="lang.TestPrettyPrinting" time="0.006"/>
  <testcase name="runTest[print3.in]" classname="lang.TestPrettyPrinting" time="0.004"/>
  <testcase name="runTest[print1.in]" classname="lang.TestPrettyPrinting" time="0.004"/>
  <testcase name="runTest[print2.in]" classname="lang.TestPrettyPrinting" time="0.004"/>
  <system-out><![CDATA[]]></system-out>
  <system-err><![CDATA[]]></system-err>
</testsuite>
