<?xml version="1.0" encoding="UTF-8"?>
<testsuite name="lang.TestTypeAnalysis" tests="6" skipped="0" failures="0" errors="0" timestamp="2018-10-24T11:04:37" hostname="varg-2" time="0.029">
  <properties/>
  <testcase name="runTest[type.in]" classname="lang.TestTypeAnalysis" time="0.006"/>
  <testcase name="runTest[vafun.in]" classname="lang.TestTypeAnalysis" time="0.005"/>
  <testcase name="runTest[un1.in]" classname="lang.TestTypeAnalysis" time="0.004"/>
  <testcase name="runTest[un3.in]" classname="lang.TestTypeAnalysis" time="0.005"/>
  <testcase name="runTest[var.in]" classname="lang.TestTypeAnalysis" time="0.004"/>
  <testcase name="runTest[un2.in]" classname="lang.TestTypeAnalysis" time="0.004"/>
  <system-out><![CDATA[]]></system-out>
  <system-err><![CDATA[]]></system-err>
</testsuite>
