<?xml version="1.0" encoding="UTF-8"?>
<testsuite name="lang.TestTypeAnalysis" tests="6" skipped="0" failures="0" errors="0" timestamp="2018-10-22T15:51:53" hostname="taco.local" time="0.01">
  <properties/>
  <testcase name="runTest[type.in]" classname="lang.TestTypeAnalysis" time="0.002"/>
  <testcase name="runTest[un1.in]" classname="lang.TestTypeAnalysis" time="0.001"/>
  <testcase name="runTest[un3.in]" classname="lang.TestTypeAnalysis" time="0.002"/>
  <testcase name="runTest[un2.in]" classname="lang.TestTypeAnalysis" time="0.001"/>
  <testcase name="runTest[vafun.in]" classname="lang.TestTypeAnalysis" time="0.002"/>
  <testcase name="runTest[var.in]" classname="lang.TestTypeAnalysis" time="0.002"/>
  <system-out><![CDATA[]]></system-out>
  <system-err><![CDATA[]]></system-err>
</testsuite>
