<?xml version="1.0" encoding="UTF-8"?>
<testsuite name="lang.TestDumpTree" tests="12" skipped="0" failures="0" errors="0" timestamp="2018-10-24T11:04:37" hostname="varg-2" time="0.126">
  <properties/>
  <testcase name="runTest[decltest.in]" classname="lang.TestDumpTree" time="0.034"/>
  <testcase name="runTest[allexprtest.in]" classname="lang.TestDumpTree" time="0.019"/>
  <testcase name="runTest[gcd.in]" classname="lang.TestDumpTree" time="0.022"/>
  <testcase name="runTest[subtest.in]" classname="lang.TestDumpTree" time="0.007"/>
  <testcase name="runTest[funtest.in]" classname="lang.TestDumpTree" time="0.005"/>
  <testcase name="runTest[addtest.in]" classname="lang.TestDumpTree" time="0.007"/>
  <testcase name="runTest[paramtest.in]" classname="lang.TestDumpTree" time="0.004"/>
  <testcase name="runTest[funcalltest.in]" classname="lang.TestDumpTree" time="0.004"/>
  <testcase name="runTest[divtest.in]" classname="lang.TestDumpTree" time="0.005"/>
  <testcase name="runTest[whiletest.in]" classname="lang.TestDumpTree" time="0.005"/>
  <testcase name="runTest[multest.in]" classname="lang.TestDumpTree" time="0.007"/>
  <testcase name="runTest[addmultest.in]" classname="lang.TestDumpTree" time="0.005"/>
  <system-out><![CDATA[]]></system-out>
  <system-err><![CDATA[]]></system-err>
</testsuite>
